{"level":"\u001b[31merror\u001b[39m","message":"mongo qosulmadi","timestamp":"2024-08-18 12:53:41"}
{"level":"\u001b[31merror\u001b[39m","message":"mongo qosulmadi Could not connect to any servers in your MongoDB Atlas cluster. One common reason is that you're trying to access the database from an IP that isn't whitelisted. Make sure your current IP address is on your Atlas cluster's IP whitelist: https://www.mongodb.com/docs/atlas/security-whitelist/","timestamp":"2024-08-18 12:56:24"}
 2024-08-18 15:38:17      [31merror[39m: 500 - Expected double-quoted property name in JSON at position 26 - /category/ - GET - ::1
2024-08-18 15:38:37      [31merror[39m: 500 - Expected double-quoted property name in JSON at position 26 - /category/ - GET - ::1
2024-08-18 16:01:07      [31merror[39m: 500 - Expected ',' or '}' after property value in JSON at position 83 - /type/gameddddaddddds-fweesd - GET - ::1
2024-08-18 16:13:16      [31merror[39m: 500 - Bad control character in string literal in JSON at position 21 - /type/ - POST - ::1
2024-08-18 21:59:03      [31merror[39m: Internal Server Error  data is not defined  
2024-08-18 22:10:25      [31merror[39m: 500 - Expected double-quoted property name in JSON at position 35 - /brand/ - GET - ::1
2024-08-18 22:10:39      [31merror[39m: Internal Server Error  data is not defined  
2024-08-18 22:10:44      [31merror[39m: Internal Server Error  data is not defined  
2024-08-18 22:12:15      [31merror[39m: Internal Server Error  data is not defined  
2024-08-18 22:12:27      [31merror[39m: Internal Server Error  data is not defined  
2024-08-18 22:12:47      [31merror[39m: Internal Server Error  data is not defined  
2024-08-18 22:13:28      [31merror[39m: Internal Server Error  ProductTypeModel is not defined  
2024-08-18 23:12:04      [31merror[39m: Internal Server Error  Cast to ObjectId failed for value "66c246cbde721e8e155fb0d0d" (type string) at path "_id" for model "Size"  
2024-08-18 23:31:08      [31merror[39m: 500 - Bad control character in string literal in JSON at position 18 - /size/ - POST - ::1
2024-08-19 00:18:41      [31merror[39m: 500 - Expected double-quoted property name in JSON at position 30 - /brand/66c256d789525cbbd8179493 - DELETE - ::1
2024-08-19 01:21:33      [31merror[39m: mongo qosulmadi Could not connect to any servers in your MongoDB Atlas cluster. One common reason is that you're trying to access the database from an IP that isn't whitelisted. Make sure your current IP address is on your Atlas cluster's IP whitelist: https://www.mongodb.com/docs/atlas/security-whitelist/
2024-08-19 01:42:48      [31merror[39m: mongo qosulmadi Could not connect to any servers in your MongoDB Atlas cluster. One common reason is that you're trying to access the database from an IP that isn't whitelisted. Make sure your current IP address is on your Atlas cluster's IP whitelist: https://www.mongodb.com/docs/atlas/security-whitelist/
2024-08-19 01:49:11      [31merror[39m: mongo qosulmadi Could not connect to any servers in your MongoDB Atlas cluster. One common reason is that you're trying to access the database from an IP that isn't whitelisted. Make sure your current IP address is on your Atlas cluster's IP whitelist: https://www.mongodb.com/docs/atlas/security-whitelist/
2024-08-19 01:55:53      [31merror[39m: mongo qosulmadi Could not connect to any servers in your MongoDB Atlas cluster. One common reason is that you're trying to access the database from an IP that isn't whitelisted. Make sure your current IP address is on your Atlas cluster's IP whitelist: https://www.mongodb.com/docs/atlas/security-whitelist/
2024-08-19 01:58:32      [31merror[39m: mongo qosulmadi Could not connect to any servers in your MongoDB Atlas cluster. One common reason is that you're trying to access the database from an IP that isn't whitelisted. Make sure your current IP address is on your Atlas cluster's IP whitelist: https://www.mongodb.com/docs/atlas/security-whitelist/
2024-08-19 02:01:30      [31merror[39m: mongo qosulmadi Could not connect to any servers in your MongoDB Atlas cluster. One common reason is that you're trying to access the database from an IP that isn't whitelisted. Make sure your current IP address is on your Atlas cluster's IP whitelist: https://www.mongodb.com/docs/atlas/security-whitelist/
2024-08-19 02:07:04      [31merror[39m: mongo qosulmadi Could not connect to any servers in your MongoDB Atlas cluster. One common reason is that you're trying to access the database from an IP that isn't whitelisted. Make sure your current IP address is on your Atlas cluster's IP whitelist: https://www.mongodb.com/docs/atlas/security-whitelist/
2024-08-19 02:08:49      [31merror[39m: mongo qosulmadi Could not connect to any servers in your MongoDB Atlas cluster. One common reason is that you're trying to access the database from an IP that isn't whitelisted. Make sure your current IP address is on your Atlas cluster's IP whitelist: https://www.mongodb.com/docs/atlas/security-whitelist/
2024-08-19 02:19:23      [31merror[39m: mongo qosulmadi Could not connect to any servers in your MongoDB Atlas cluster. One common reason is that you're trying to access the database from an IP that isn't whitelisted. Make sure your current IP address is on your Atlas cluster's IP whitelist: https://www.mongodb.com/docs/atlas/security-whitelist/
2024-08-19 02:33:53      [31merror[39m: Internal Server Error  Schema hasn't been registered for model "Color".
Use mongoose.model(name, schema)  
2024-08-19 02:34:00      [31merror[39m: Internal Server Error  Schema hasn't been registered for model "Color".
Use mongoose.model(name, schema)  
2024-08-19 02:34:31      [31merror[39m: Internal Server Error  Schema hasn't been registered for model "Color".
Use mongoose.model(name, schema)  
2024-08-19 02:47:51      [31merror[39m: Internal Server Error  Schema hasn't been registered for model "Color".
Use mongoose.model(name, schema)  
2024-08-19 02:48:41      [31merror[39m: Internal Server Error  Cannot populate path `colors` because it is not in your schema. Set the `strictPopulate` option to false to override.  
2024-08-19 02:49:05      [31merror[39m: Internal Server Error  Schema hasn't been registered for model "Image".
Use mongoose.model(name, schema)  
2024-08-19 02:49:31      [31merror[39m: Internal Server Error  Cannot populate path `` because it is not in your schema. Set the `strictPopulate` option to false to override.  
2024-08-19 10:29:12      [31merror[39m: Internal Server Error  Product validation failed: slug: Path `slug` is required.  
2024-08-19 10:40:47      [31merror[39m: Internal Server Error  Cast to ObjectId failed for value "{ _id: 'dss' }" (type Object) at path "_id" for model "Product"  
2024-08-19 10:44:49      [31merror[39m: Internal Server Error  updateProduct is not defined  
2024-08-19 10:46:47      [31merror[39m: Internal Server Error  updateProduct is not defined  
2024-08-19 10:52:35      [31merror[39m: Internal Server Error  Cast to ObjectId failed for value "66c23b9e46934050ca8cf638 " (type string) at path "brand" because of "BSONError"  
2024-08-19 10:52:48      [31merror[39m: Internal Server Error  Cast to ObjectId failed for value "66c23b9e46934050ca8cf638 " (type string) at path "brand" because of "BSONError"  
